464  [restartedMain] INFO  com.hsc.cat.DummyCatApplication - Starting DummyCatApplication on BLRDT58 with PID 18348 (C:\Users\e01498\Documents\workspace-sts-3.9.2.RELEASE\DummyCAT\DummyCAT\target\classes started by e01498 in C:\Users\e01498\Documents\workspace-sts-3.9.2.RELEASE\DummyCAT\DummyCAT)
466  [restartedMain] DEBUG com.hsc.cat.DummyCatApplication - Running with Spring Boot v1.5.8.RELEASE, Spring v4.3.12.RELEASE
467  [restartedMain] INFO  com.hsc.cat.DummyCatApplication - No active profile set, falling back to default profiles: default
517  [restartedMain] INFO  o.s.b.c.e.AnnotationConfigEmbeddedWebApplicationContext - Refreshing org.springframework.boot.context.embedded.AnnotationConfigEmbeddedWebApplicationContext@739fe45d: startup date [Tue May 08 10:46:58 IST 2018]; root of context hierarchy
685  [background-preinit] INFO  o.h.validator.internal.util.Version - HV000001: Hibernate Validator 5.3.5.Final
2460 [restartedMain] INFO  o.s.b.c.e.t.TomcatEmbeddedServletContainer - Tomcat initialized with port(s): 8030 (http)
2475 [restartedMain] INFO  o.a.catalina.core.StandardService - Starting service [Tomcat]
2476 [restartedMain] INFO  o.a.catalina.core.StandardEngine - Starting Servlet Engine: Apache Tomcat/8.5.23
2594 [localhost-startStop-1] INFO  o.a.c.c.C.[Tomcat].[localhost].[/] - Initializing Spring embedded WebApplicationContext
2595 [localhost-startStop-1] INFO  o.s.web.context.ContextLoader - Root WebApplicationContext: initialization completed in 2086 ms
2712 [localhost-startStop-1] INFO  o.s.b.w.s.ServletRegistrationBean - Mapping servlet: 'dispatcherServlet' to [/]
2728 [localhost-startStop-1] INFO  o.s.b.w.s.FilterRegistrationBean - Mapping filter: 'characterEncodingFilter' to: [/*]
2728 [localhost-startStop-1] INFO  o.s.b.w.s.FilterRegistrationBean - Mapping filter: 'hiddenHttpMethodFilter' to: [/*]
2728 [localhost-startStop-1] INFO  o.s.b.w.s.FilterRegistrationBean - Mapping filter: 'httpPutFormContentFilter' to: [/*]
2728 [localhost-startStop-1] INFO  o.s.b.w.s.FilterRegistrationBean - Mapping filter: 'requestContextFilter' to: [/*]
3274 [restartedMain] INFO  o.s.o.j.LocalContainerEntityManagerFactoryBean - Building JPA container EntityManagerFactory for persistence unit 'default'
3286 [restartedMain] INFO  o.h.jpa.internal.util.LogHelper - HHH000204: Processing PersistenceUnitInfo [
	name: default
	...]
3332 [restartedMain] INFO  org.hibernate.Version - HHH000412: Hibernate Core {5.0.12.Final}
3334 [restartedMain] INFO  org.hibernate.cfg.Environment - HHH000206: hibernate.properties not found
3335 [restartedMain] INFO  org.hibernate.cfg.Environment - HHH000021: Bytecode provider name : javassist
3419 [restartedMain] INFO  o.h.annotations.common.Version - HCANN000001: Hibernate Commons Annotations {5.0.1.Final}
3516 [restartedMain] INFO  org.hibernate.dialect.Dialect - HHH000400: Using dialect: org.hibernate.dialect.MySQLDialect
3838 [restartedMain] INFO  o.s.o.j.LocalContainerEntityManagerFactoryBean - Initialized JPA EntityManagerFactory for persistence unit 'default'
4008 [restartedMain] INFO  o.h.h.i.QueryTranslatorFactoryInitiator - HHH000397: Using ASTQueryTranslatorFactory
4502 [restartedMain] INFO  o.s.w.s.m.m.a.RequestMappingHandlerAdapter - Looking for @ControllerAdvice: org.springframework.boot.context.embedded.AnnotationConfigEmbeddedWebApplicationContext@739fe45d: startup date [Tue May 08 10:46:58 IST 2018]; root of context hierarchy
4549 [restartedMain] INFO  o.s.w.s.m.m.a.RequestMappingHandlerMapping - Mapped "{[/employees],methods=[POST],consumes=[application/json],produces=[application/json]}" onto public com.hsc.cat.utilities.JSONOutputModel com.hsc.cat.controller.EmployeeDetailsController.save(com.hsc.cat.VO.EmployeeDetailsVO)
4563 [restartedMain] INFO  o.s.w.s.m.m.a.RequestMappingHandlerMapping - Mapped "{[/viewTeam/{id}],methods=[GET]}" onto public com.hsc.cat.TO.ViewTeamTO com.hsc.cat.controller.EmployeeDetailsController.viewTeam(java.lang.String)
4564 [restartedMain] INFO  o.s.w.s.m.m.a.RequestMappingHandlerMapping - Mapped "{[/verifyManager],methods=[POST]}" onto public org.springframework.http.ResponseEntity com.hsc.cat.controller.EmployeeDetailsController.verifyManager(com.hsc.cat.VO.VerifyManagerVO)
4565 [restartedMain] INFO  o.s.w.s.m.m.a.RequestMappingHandlerMapping - Mapped "{[/employees],methods=[GET],consumes=[application/json],produces=[application/json]}" onto public com.hsc.cat.utilities.JSONOutputModel com.hsc.cat.controller.EmployeeDetailsController.getAllEmployees()
4565 [restartedMain] INFO  o.s.w.s.m.m.a.RequestMappingHandlerMapping - Mapped "{[/getManagerDetails],methods=[GET]}" onto public org.springframework.http.ResponseEntity com.hsc.cat.controller.EmployeeDetailsController.getManagerDetails()
4566 [restartedMain] INFO  o.s.w.s.m.m.a.RequestMappingHandlerMapping - Mapped "{[/fetchMap],methods=[POST],consumes=[application/json],produces=[application/json]}" onto public com.hsc.cat.utilities.JSONOutputModel com.hsc.cat.controller.EmployeeSkillController.fetchMapDetails(com.hsc.cat.VO.MapVO)
4567 [restartedMain] INFO  o.s.w.s.m.m.a.RequestMappingHandlerMapping - Mapped "{[/viewSkill/{empId}],methods=[GET],consumes=[application/json],produces=[application/json]}" onto public com.hsc.cat.utilities.JSONOutputModel com.hsc.cat.controller.EmployeeSkillController.viewSkills(java.lang.String)
4568 [restartedMain] INFO  o.s.w.s.m.m.a.RequestMappingHandlerMapping - Mapped "{[/updateSkill],methods=[POST],consumes=[application/json],produces=[application/json]}" onto public com.hsc.cat.utilities.JSONOutputModel com.hsc.cat.controller.EmployeeSkillController.updateSkill(com.hsc.cat.VO.UpdateSkillsListVO)
4569 [restartedMain] INFO  o.s.w.s.m.m.a.RequestMappingHandlerMapping - Mapped "{[/getAllSelfRatedSkills/{empId}],methods=[GET],consumes=[application/json],produces=[application/json]}" onto public com.hsc.cat.utilities.JSONOutputModel com.hsc.cat.controller.EmployeeSkillController.getAllSelfRatedSkills(java.lang.String)
4570 [restartedMain] INFO  o.s.w.s.m.m.a.RequestMappingHandlerMapping - Mapped "{[/skills],methods=[POST]}" onto public com.hsc.cat.utilities.JSONOutputModel com.hsc.cat.controller.SkillController.addSkill(com.hsc.cat.VO.AddSkillVO)
4571 [restartedMain] INFO  o.s.w.s.m.m.a.RequestMappingHandlerMapping - Mapped "{[/skills],methods=[GET]}" onto public com.hsc.cat.utilities.JSONOutputModel com.hsc.cat.controller.SkillController.fetchAllSkills()
4572 [restartedMain] INFO  o.s.w.s.m.m.a.RequestMappingHandlerMapping - Mapped "{[/searchSkill/{skillName}],methods=[GET]}" onto public com.hsc.cat.utilities.JSONOutputModel com.hsc.cat.controller.SkillController.searchSkill(java.lang.String)
4576 [restartedMain] INFO  o.s.w.s.m.m.a.RequestMappingHandlerMapping - Mapped "{[/validateUser],methods=[POST]}" onto public com.hsc.cat.TO.ResponseTO com.hsc.cat.controller.UserController.validateUser(com.hsc.cat.VO.ValidateUserVO)
4577 [restartedMain] INFO  o.s.w.s.m.m.a.RequestMappingHandlerMapping - Mapped "{[/changePassword],methods=[POST]}" onto public com.hsc.cat.TO.ResponseTO com.hsc.cat.controller.UserController.changePassword(com.hsc.cat.VO.ChangePasswordVO)
4577 [restartedMain] INFO  o.s.w.s.m.m.a.RequestMappingHandlerMapping - Mapped "{[/forgetPassword],methods=[POST]}" onto public com.hsc.cat.TO.ResponseTO com.hsc.cat.controller.UserController.forgetPassword(com.hsc.cat.VO.ForgetPasswordVO)
4578 [restartedMain] INFO  o.s.w.s.m.m.a.RequestMappingHandlerMapping - Mapped "{[/validateSecurityQuestion],methods=[POST],consumes=[application/json],produces=[application/json]}" onto public com.hsc.cat.utilities.JSONOutputModel com.hsc.cat.controller.UserController.validateSecurityQuestion(com.hsc.cat.VO.ValidateSecurityQuestionVO)
4580 [restartedMain] INFO  o.s.w.s.m.m.a.RequestMappingHandlerMapping - Mapped "{[/error]}" onto public org.springframework.http.ResponseEntity<java.util.Map<java.lang.String, java.lang.Object>> org.springframework.boot.autoconfigure.web.BasicErrorController.error(javax.servlet.http.HttpServletRequest)
4581 [restartedMain] INFO  o.s.w.s.m.m.a.RequestMappingHandlerMapping - Mapped "{[/error],produces=[text/html]}" onto public org.springframework.web.servlet.ModelAndView org.springframework.boot.autoconfigure.web.BasicErrorController.errorHtml(javax.servlet.http.HttpServletRequest,javax.servlet.http.HttpServletResponse)
4608 [restartedMain] INFO  o.s.w.s.h.SimpleUrlHandlerMapping - Mapped URL path [/webjars/**] onto handler of type [class org.springframework.web.servlet.resource.ResourceHttpRequestHandler]
4609 [restartedMain] INFO  o.s.w.s.h.SimpleUrlHandlerMapping - Mapped URL path [/**] onto handler of type [class org.springframework.web.servlet.resource.ResourceHttpRequestHandler]
4640 [restartedMain] INFO  o.s.w.s.h.SimpleUrlHandlerMapping - Mapped URL path [/**/favicon.ico] onto handler of type [class org.springframework.web.servlet.resource.ResourceHttpRequestHandler]
4858 [restartedMain] INFO  o.s.b.d.a.OptionalLiveReloadServer - LiveReload server is running on port 35729
4885 [restartedMain] INFO  o.s.j.e.a.AnnotationMBeanExporter - Registering beans for JMX exposure on startup
4885 [restartedMain] INFO  o.s.s.a.ScheduledAnnotationBeanPostProcessor - No TaskScheduler/ScheduledExecutorService bean found for scheduled processing
4900 [restartedMain] INFO  o.a.coyote.http11.Http11NioProtocol - Initializing ProtocolHandler ["http-nio-8030"]
4916 [restartedMain] INFO  o.a.coyote.http11.Http11NioProtocol - Starting ProtocolHandler ["http-nio-8030"]
4948 [restartedMain] INFO  o.a.tomcat.util.net.NioSelectorPool - Using a shared selector for servlet write/read
4962 [restartedMain] INFO  o.s.b.c.e.t.TomcatEmbeddedServletContainer - Tomcat started on port(s): 8030 (http)
4972 [restartedMain] INFO  com.hsc.cat.DummyCatApplication - Started DummyCatApplication in 4.685 seconds (JVM running for 5.138)
68765 [Thread-7] INFO  o.s.b.c.e.AnnotationConfigEmbeddedWebApplicationContext - Closing org.springframework.boot.context.embedded.AnnotationConfigEmbeddedWebApplicationContext@739fe45d: startup date [Tue May 08 10:46:58 IST 2018]; root of context hierarchy
68770 [Thread-7] WARN  o.s.b.f.s.DisposableBeanAdapter - Invocation of destroy method failed on bean with name 'classPathFileSystemWatcher': java.lang.NullPointerException
68772 [Thread-7] INFO  o.s.j.e.a.AnnotationMBeanExporter - Unregistering JMX-exposed beans on shutdown
68779 [Thread-7] INFO  o.s.o.j.LocalContainerEntityManagerFactoryBean - Closing JPA EntityManagerFactory for persistence unit 'default'
69135 [restartedMain] INFO  com.hsc.cat.DummyCatApplication - Starting DummyCatApplication on BLRDT58 with PID 18348 (C:\Users\e01498\Documents\workspace-sts-3.9.2.RELEASE\DummyCAT\DummyCAT\target\classes started by e01498 in C:\Users\e01498\Documents\workspace-sts-3.9.2.RELEASE\DummyCAT\DummyCAT)
69135 [restartedMain] DEBUG com.hsc.cat.DummyCatApplication - Running with Spring Boot v1.5.8.RELEASE, Spring v4.3.12.RELEASE
69135 [restartedMain] INFO  com.hsc.cat.DummyCatApplication - No active profile set, falling back to default profiles: default
69137 [restartedMain] INFO  o.s.b.c.e.AnnotationConfigEmbeddedWebApplicationContext - Refreshing org.springframework.boot.context.embedded.AnnotationConfigEmbeddedWebApplicationContext@a3198e4: startup date [Tue May 08 10:48:06 IST 2018]; root of context hierarchy
69705 [restartedMain] INFO  o.s.b.c.e.t.TomcatEmbeddedServletContainer - Tomcat initialized with port(s): 8030 (http)
69706 [restartedMain] INFO  o.a.catalina.core.StandardService - Starting service [Tomcat]
69707 [restartedMain] INFO  o.a.catalina.core.StandardEngine - Starting Servlet Engine: Apache Tomcat/8.5.23
69729 [localhost-startStop-1] INFO  o.a.c.c.C.[Tomcat].[localhost].[/] - Initializing Spring embedded WebApplicationContext
69729 [localhost-startStop-1] INFO  o.s.web.context.ContextLoader - Root WebApplicationContext: initialization completed in 592 ms
69777 [localhost-startStop-1] INFO  o.s.b.w.s.ServletRegistrationBean - Mapping servlet: 'dispatcherServlet' to [/]
69779 [localhost-startStop-1] INFO  o.s.b.w.s.FilterRegistrationBean - Mapping filter: 'characterEncodingFilter' to: [/*]
69780 [localhost-startStop-1] INFO  o.s.b.w.s.FilterRegistrationBean - Mapping filter: 'hiddenHttpMethodFilter' to: [/*]
69781 [localhost-startStop-1] INFO  o.s.b.w.s.FilterRegistrationBean - Mapping filter: 'httpPutFormContentFilter' to: [/*]
69782 [localhost-startStop-1] INFO  o.s.b.w.s.FilterRegistrationBean - Mapping filter: 'requestContextFilter' to: [/*]
69917 [restartedMain] INFO  o.s.o.j.LocalContainerEntityManagerFactoryBean - Building JPA container EntityManagerFactory for persistence unit 'default'
69917 [restartedMain] INFO  o.h.jpa.internal.util.LogHelper - HHH000204: Processing PersistenceUnitInfo [
	name: default
	...]
69941 [restartedMain] INFO  org.hibernate.dialect.Dialect - HHH000400: Using dialect: org.hibernate.dialect.MySQLDialect
69969 [restartedMain] INFO  o.s.o.j.LocalContainerEntityManagerFactoryBean - Initialized JPA EntityManagerFactory for persistence unit 'default'
70003 [restartedMain] INFO  o.h.h.i.QueryTranslatorFactoryInitiator - HHH000397: Using ASTQueryTranslatorFactory
70146 [restartedMain] INFO  o.s.w.s.m.m.a.RequestMappingHandlerAdapter - Looking for @ControllerAdvice: org.springframework.boot.context.embedded.AnnotationConfigEmbeddedWebApplicationContext@a3198e4: startup date [Tue May 08 10:48:06 IST 2018]; root of context hierarchy
70151 [restartedMain] INFO  o.s.w.s.m.m.a.RequestMappingHandlerMapping - Mapped "{[/employees],methods=[POST],consumes=[application/json],produces=[application/json]}" onto public com.hsc.cat.utilities.JSONOutputModel com.hsc.cat.controller.EmployeeDetailsController.save(com.hsc.cat.VO.EmployeeDetailsVO)
70152 [restartedMain] INFO  o.s.w.s.m.m.a.RequestMappingHandlerMapping - Mapped "{[/viewTeam/{id}],methods=[GET]}" onto public com.hsc.cat.TO.ViewTeamTO com.hsc.cat.controller.EmployeeDetailsController.viewTeam(java.lang.String)
70153 [restartedMain] INFO  o.s.w.s.m.m.a.RequestMappingHandlerMapping - Mapped "{[/verifyManager],methods=[POST]}" onto public org.springframework.http.ResponseEntity com.hsc.cat.controller.EmployeeDetailsController.verifyManager(com.hsc.cat.VO.VerifyManagerVO)
70153 [restartedMain] INFO  o.s.w.s.m.m.a.RequestMappingHandlerMapping - Mapped "{[/employees],methods=[GET],consumes=[application/json],produces=[application/json]}" onto public com.hsc.cat.utilities.JSONOutputModel com.hsc.cat.controller.EmployeeDetailsController.getAllEmployees()
70154 [restartedMain] INFO  o.s.w.s.m.m.a.RequestMappingHandlerMapping - Mapped "{[/getManagerDetails],methods=[GET]}" onto public org.springframework.http.ResponseEntity com.hsc.cat.controller.EmployeeDetailsController.getManagerDetails()
70155 [restartedMain] INFO  o.s.w.s.m.m.a.RequestMappingHandlerMapping - Mapped "{[/fetchMap],methods=[POST],consumes=[application/json],produces=[application/json]}" onto public com.hsc.cat.utilities.JSONOutputModel com.hsc.cat.controller.EmployeeSkillController.fetchMapDetails(com.hsc.cat.VO.MapVO)
70156 [restartedMain] INFO  o.s.w.s.m.m.a.RequestMappingHandlerMapping - Mapped "{[/viewSkill/{empId}],methods=[GET],consumes=[application/json],produces=[application/json]}" onto public com.hsc.cat.utilities.JSONOutputModel com.hsc.cat.controller.EmployeeSkillController.viewSkills(java.lang.String)
70157 [restartedMain] INFO  o.s.w.s.m.m.a.RequestMappingHandlerMapping - Mapped "{[/updateSkill],methods=[POST],consumes=[application/json],produces=[application/json]}" onto public com.hsc.cat.utilities.JSONOutputModel com.hsc.cat.controller.EmployeeSkillController.updateSkill(com.hsc.cat.VO.UpdateSkillsListVO)
70157 [restartedMain] INFO  o.s.w.s.m.m.a.RequestMappingHandlerMapping - Mapped "{[/getAllSelfRatedSkills/{empId}],methods=[GET],consumes=[application/json],produces=[application/json]}" onto public com.hsc.cat.utilities.JSONOutputModel com.hsc.cat.controller.EmployeeSkillController.getAllSelfRatedSkills(java.lang.String)
70158 [restartedMain] INFO  o.s.w.s.m.m.a.RequestMappingHandlerMapping - Mapped "{[/skills],methods=[POST]}" onto public com.hsc.cat.utilities.JSONOutputModel com.hsc.cat.controller.SkillController.addSkill(com.hsc.cat.VO.AddSkillVO)
70159 [restartedMain] INFO  o.s.w.s.m.m.a.RequestMappingHandlerMapping - Mapped "{[/skills],methods=[GET]}" onto public com.hsc.cat.utilities.JSONOutputModel com.hsc.cat.controller.SkillController.fetchAllSkills()
70160 [restartedMain] INFO  o.s.w.s.m.m.a.RequestMappingHandlerMapping - Mapped "{[/searchSkill/{skillName}],methods=[GET]}" onto public com.hsc.cat.utilities.JSONOutputModel com.hsc.cat.controller.SkillController.searchSkill(java.lang.String)
70161 [restartedMain] INFO  o.s.w.s.m.m.a.RequestMappingHandlerMapping - Mapped "{[/validateUser],methods=[POST]}" onto public com.hsc.cat.TO.ResponseTO com.hsc.cat.controller.UserController.validateUser(com.hsc.cat.VO.ValidateUserVO)
70161 [restartedMain] INFO  o.s.w.s.m.m.a.RequestMappingHandlerMapping - Mapped "{[/changePassword],methods=[POST]}" onto public com.hsc.cat.TO.ResponseTO com.hsc.cat.controller.UserController.changePassword(com.hsc.cat.VO.ChangePasswordVO)
70162 [restartedMain] INFO  o.s.w.s.m.m.a.RequestMappingHandlerMapping - Mapped "{[/forgetPassword],methods=[POST]}" onto public com.hsc.cat.TO.ResponseTO com.hsc.cat.controller.UserController.forgetPassword(com.hsc.cat.VO.ForgetPasswordVO)
70162 [restartedMain] INFO  o.s.w.s.m.m.a.RequestMappingHandlerMapping - Mapped "{[/validateSecurityQuestion],methods=[POST],consumes=[application/json],produces=[application/json]}" onto public com.hsc.cat.utilities.JSONOutputModel com.hsc.cat.controller.UserController.validateSecurityQuestion(com.hsc.cat.VO.ValidateSecurityQuestionVO)
70164 [restartedMain] INFO  o.s.w.s.m.m.a.RequestMappingHandlerMapping - Mapped "{[/error]}" onto public org.springframework.http.ResponseEntity<java.util.Map<java.lang.String, java.lang.Object>> org.springframework.boot.autoconfigure.web.BasicErrorController.error(javax.servlet.http.HttpServletRequest)
70165 [restartedMain] INFO  o.s.w.s.m.m.a.RequestMappingHandlerMapping - Mapped "{[/error],produces=[text/html]}" onto public org.springframework.web.servlet.ModelAndView org.springframework.boot.autoconfigure.web.BasicErrorController.errorHtml(javax.servlet.http.HttpServletRequest,javax.servlet.http.HttpServletResponse)
70170 [restartedMain] INFO  o.s.w.s.h.SimpleUrlHandlerMapping - Mapped URL path [/webjars/**] onto handler of type [class org.springframework.web.servlet.resource.ResourceHttpRequestHandler]
70171 [restartedMain] INFO  o.s.w.s.h.SimpleUrlHandlerMapping - Mapped URL path [/**] onto handler of type [class org.springframework.web.servlet.resource.ResourceHttpRequestHandler]
70179 [restartedMain] INFO  o.s.w.s.h.SimpleUrlHandlerMapping - Mapped URL path [/**/favicon.ico] onto handler of type [class org.springframework.web.servlet.resource.ResourceHttpRequestHandler]
70213 [restartedMain] INFO  o.s.b.d.a.OptionalLiveReloadServer - LiveReload server is running on port 35729
70257 [restartedMain] INFO  o.s.j.e.a.AnnotationMBeanExporter - Registering beans for JMX exposure on startup
70264 [restartedMain] INFO  o.s.s.a.ScheduledAnnotationBeanPostProcessor - No TaskScheduler/ScheduledExecutorService bean found for scheduled processing
70265 [restartedMain] INFO  o.a.coyote.http11.Http11NioProtocol - Initializing ProtocolHandler ["http-nio-8030"]
70266 [restartedMain] INFO  o.a.coyote.http11.Http11NioProtocol - Starting ProtocolHandler ["http-nio-8030"]
70268 [restartedMain] INFO  o.a.tomcat.util.net.NioSelectorPool - Using a shared selector for servlet write/read
70272 [restartedMain] INFO  o.s.b.c.e.t.TomcatEmbeddedServletContainer - Tomcat started on port(s): 8030 (http)
70274 [restartedMain] INFO  com.hsc.cat.DummyCatApplication - Started DummyCatApplication in 1.196 seconds (JVM running for 70.44)
146938 [Thread-11] INFO  o.s.b.c.e.AnnotationConfigEmbeddedWebApplicationContext - Closing org.springframework.boot.context.embedded.AnnotationConfigEmbeddedWebApplicationContext@a3198e4: startup date [Tue May 08 10:48:06 IST 2018]; root of context hierarchy
146942 [Thread-11] WARN  o.s.b.f.s.DisposableBeanAdapter - Invocation of destroy method failed on bean with name 'classPathFileSystemWatcher': java.lang.NullPointerException
146944 [Thread-11] INFO  o.s.j.e.a.AnnotationMBeanExporter - Unregistering JMX-exposed beans on shutdown
146948 [Thread-11] INFO  o.s.o.j.LocalContainerEntityManagerFactoryBean - Closing JPA EntityManagerFactory for persistence unit 'default'
